<?xml version="1.0" encoding="UTF-8"?>
<!-- Generated by org.testng.reporters.JUnitReportReporter -->
<testsuite skipped="0" hostname="Lenovo" name="Tutorial.Annot" tests="5" failures="0" timestamp="2020-06-29T00:16:19 IST" time="0.038" errors="0">
  <testcase name="fourthmethod" time="0.010" classname="Tutorial.Annot"/>
  <system-out/>
  <testcase name="fifthhmethod" time="0.009" classname="Tutorial.Annot"/>
  <system-out/>
  <testcase name="secondmethod" time="0.008" classname="Tutorial.Annot"/>
  <system-out/>
  <testcase name="thirdmethod" time="0.005" classname="Tutorial.Annot"/>
  <system-out/>
  <testcase name="firstmethod" time="0.006" classname="Tutorial.Annot"/>
  <system-out/>
</testsuite> <!-- Tutorial.Annot -->
