<?xml version="1.0" encoding="UTF-8"?>
<!-- Generated by org.testng.reporters.JUnitReportReporter -->
<testsuite skipped="0" hostname="Lenovo" name="Tutorial.TestNG_Day1" tests="1" failures="0" timestamp="2020-06-29T00:12:08 IST" time="56.276" errors="0">
  <testcase name="demo1" time="56.276" classname="Tutorial.TestNG_Day1"/>
  <system-out/>
</testsuite> <!-- Tutorial.TestNG_Day1 -->
