<?xml version="1.0" encoding="UTF-8"?>
<!-- Generated by org.testng.reporters.JUnitReportReporter -->
<testsuite skipped="0" hostname="Lenovo" name="Tutorial.Day3" tests="6" failures="0" timestamp="2020-06-29T00:16:19 IST" time="0.070" errors="0">
  <testcase name="mobilecarlogin" time="0.032" classname="Tutorial.Day3"/>
  <system-out/>
  <testcase name="mobileloanlogin" time="0.008" classname="Tutorial.Day3"/>
  <system-out/>
  <testcase name="mobilecarlogin" time="0.009" classname="Tutorial.Day3"/>
  <system-out/>
  <testcase name="mobileloanlogin" time="0.004" classname="Tutorial.Day3"/>
  <system-out/>
  <testcase name="mobilevanlogin" time="0.007" classname="Tutorial.Day3"/>
  <system-out/>
  <testcase name="mobilevanlogin" time="0.010" classname="Tutorial.Day3"/>
  <system-out/>
</testsuite> <!-- Tutorial.Day3 -->
