<?xml version="1.0" encoding="UTF-8"?>
<!-- Generated by org.testng.reporters.JUnitReportReporter -->
<testsuite skipped="0" hostname="Lenovo" name="Tutorial.TestNG_Day2" tests="1" failures="0" timestamp="2020-06-29T00:16:19 IST" time="0.007" errors="0">
  <testcase name="demo2" time="0.007" classname="Tutorial.TestNG_Day2"/>
  <system-out/>
</testsuite> <!-- Tutorial.TestNG_Day2 -->
